<?xml version="1.0" encoding="UTF-8"?>
<testsuite name="example.ExampleTest" tests="1" skipped="0" failures="0" errors="0" timestamp="2018-09-01T12:19:47" hostname="robo-nb" time="0.002">
  <properties/>
  <testcase name="testJoin" classname="example.ExampleTest" time="0.002"/>
  <system-out><![CDATA[]]></system-out>
  <system-err><![CDATA[]]></system-err>
</testsuite>
